<?xml version="1.0" encoding="UTF-8"?>
<!-- Generated by org.testng.reporters.JUnitReportReporter -->
<testsuite hostname="DESKTOP-D64SSBL" failures="0" tests="1" name="TestCases.VerifyFooter" time="82.560" errors="0" timestamp="2023-05-04T04:21:14 GMT-07:00" skipped="0">
  <testcase classname="TestCases.VerifyFooter" name="Footer" time="82.560"/>
  <system-out/>
</testsuite> <!-- TestCases.VerifyFooter -->
