<?xml version="1.0" encoding="UTF-8"?>
<!-- Generated by org.testng.reporters.JUnitReportReporter -->
<testsuite hostname="DESKTOP-D64SSBL" failures="0" tests="1" name="TestCases.VerifyHeader" time="44.163" errors="0" timestamp="2023-05-04T04:21:14 GMT-07:00" skipped="0">
  <testcase classname="TestCases.VerifyHeader" name="Header" time="44.163"/>
  <system-out/>
</testsuite> <!-- TestCases.VerifyHeader -->
